2016-04-13 17:29:16 9044 [Note] Plugin 'FEDERATED' is disabled.
2016-04-13 17:29:16 14c4 InnoDB: Warning: Using innodb_additional_mem_pool_size is DEPRECATED. This option may be removed in future releases, together with the option innodb_use_sys_malloc and with the InnoDB's internal memory allocator.
2016-04-13 17:29:16 9044 [Note] InnoDB: Using atomics to ref count buffer pool pages
2016-04-13 17:29:16 9044 [Note] InnoDB: The InnoDB memory heap is disabled
2016-04-13 17:29:16 9044 [Note] InnoDB: Mutexes and rw_locks use Windows interlocked functions
2016-04-13 17:29:16 9044 [Note] InnoDB: Memory barrier is not used
2016-04-13 17:29:16 9044 [Note] InnoDB: Compressed tables use zlib 1.2.3
2016-04-13 17:29:16 9044 [Note] InnoDB: Not using CPU crc32 instructions
2016-04-13 17:29:16 9044 [Note] InnoDB: Initializing buffer pool, size = 16.0M
2016-04-13 17:29:16 9044 [Note] InnoDB: Completed initialization of buffer pool
2016-04-13 17:29:16 9044 [Note] InnoDB: Highest supported file format is Barracuda.
2016-04-13 17:29:16 9044 [Note] InnoDB: The log sequence numbers 1818134 and 1818134 in ibdata files do not match the log sequence number 1826882 in the ib_logfiles!
2016-04-13 17:29:16 9044 [Note] InnoDB: Database was not shutdown normally!
2016-04-13 17:29:16 9044 [Note] InnoDB: Starting crash recovery.
2016-04-13 17:29:16 9044 [Note] InnoDB: Reading tablespace information from the .ibd files...
2016-04-13 17:29:16 9044 [Note] InnoDB: Restoring possible half-written data pages 
2016-04-13 17:29:16 9044 [Note] InnoDB: from the doublewrite buffer...
2016-04-13 17:29:16 9044 [ERROR] InnoDB: Table galp/pedidos@0020trabalho in the InnoDB data dictionary has tablespace id 23, but tablespace with that id or name does not exist. Have you deleted or moved .ibd files? This may also be a table created with CREATE TEMPORARY TABLE whose .ibd and .frm files MySQL automatically removed, but the table still exists in the InnoDB internal data dictionary.
InnoDB: Please refer to
InnoDB: http://dev.mysql.com/doc/refman/5.6/en/innodb-troubleshooting-datadict.html
InnoDB: for how to resolve the issue.
2016-04-13 17:29:16 9044 [ERROR] InnoDB: Table galp/status in the InnoDB data dictionary has tablespace id 37, but tablespace with that id or name does not exist. Have you deleted or moved .ibd files? This may also be a table created with CREATE TEMPORARY TABLE whose .ibd and .frm files MySQL automatically removed, but the table still exists in the InnoDB internal data dictionary.
InnoDB: Please refer to
InnoDB: http://dev.mysql.com/doc/refman/5.6/en/innodb-troubleshooting-datadict.html
InnoDB: for how to resolve the issue.
2016-04-13 17:29:16 9044 [ERROR] InnoDB: Table indulgme/comments in the InnoDB data dictionary has tablespace id 13, but tablespace with that id or name does not exist. Have you deleted or moved .ibd files? This may also be a table created with CREATE TEMPORARY TABLE whose .ibd and .frm files MySQL automatically removed, but the table still exists in the InnoDB internal data dictionary.
InnoDB: Please refer to
InnoDB: http://dev.mysql.com/doc/refman/5.6/en/innodb-troubleshooting-datadict.html
InnoDB: for how to resolve the issue.
2016-04-13 17:29:16 9044 [ERROR] InnoDB: Table indulgme/darerecievers in the InnoDB data dictionary has tablespace id 18, but tablespace with that id or name does not exist. Have you deleted or moved .ibd files? This may also be a table created with CREATE TEMPORARY TABLE whose .ibd and .frm files MySQL automatically removed, but the table still exists in the InnoDB internal data dictionary.
InnoDB: Please refer to
InnoDB: http://dev.mysql.com/doc/refman/5.6/en/innodb-troubleshooting-datadict.html
InnoDB: for how to resolve the issue.
2016-04-13 17:29:16 9044 [ERROR] InnoDB: Table indulgme/dares in the InnoDB data dictionary has tablespace id 15, but tablespace with that id or name does not exist. Have you deleted or moved .ibd files? This may also be a table created with CREATE TEMPORARY TABLE whose .ibd and .frm files MySQL automatically removed, but the table still exists in the InnoDB internal data dictionary.
InnoDB: Please refer to
InnoDB: http://dev.mysql.com/doc/refman/5.6/en/innodb-troubleshooting-datadict.html
InnoDB: for how to resolve the issue.
2016-04-13 17:29:16 9044 [ERROR] InnoDB: Table indulgme/deeds in the InnoDB data dictionary has tablespace id 17, but tablespace with that id or name does not exist. Have you deleted or moved .ibd files? This may also be a table created with CREATE TEMPORARY TABLE whose .ibd and .frm files MySQL automatically removed, but the table still exists in the InnoDB internal data dictionary.
InnoDB: Please refer to
InnoDB: http://dev.mysql.com/doc/refman/5.6/en/innodb-troubleshooting-datadict.html
InnoDB: for how to resolve the issue.
2016-04-13 17:29:16 9044 [ERROR] InnoDB: Table indulgme/friends in the InnoDB data dictionary has tablespace id 14, but tablespace with that id or name does not exist. Have you deleted or moved .ibd files? This may also be a table created with CREATE TEMPORARY TABLE whose .ibd and .frm files MySQL automatically removed, but the table still exists in the InnoDB internal data dictionary.
InnoDB: Please refer to
InnoDB: http://dev.mysql.com/doc/refman/5.6/en/innodb-troubleshooting-datadict.html
InnoDB: for how to resolve the issue.
2016-04-13 17:29:16 9044 [ERROR] InnoDB: Table indulgme/user in the InnoDB data dictionary has tablespace id 20, but tablespace with that id or name does not exist. Have you deleted or moved .ibd files? This may also be a table created with CREATE TEMPORARY TABLE whose .ibd and .frm files MySQL automatically removed, but the table still exists in the InnoDB internal data dictionary.
InnoDB: Please refer to
InnoDB: http://dev.mysql.com/doc/refman/5.6/en/innodb-troubleshooting-datadict.html
InnoDB: for how to resolve the issue.
2016-04-13 17:29:16 9044 [Note] InnoDB: 128 rollback segment(s) are active.
2016-04-13 17:29:16 9044 [Note] InnoDB: Waiting for purge to start
2016-04-13 17:29:16 9044 [Note] InnoDB: 5.6.24 started; log sequence number 1826882
2016-04-13 17:29:16 9044 [Note] Server hostname (bind-address): '*'; port: 3306
2016-04-13 17:29:16 9044 [Note] IPv6 is available.
2016-04-13 17:29:16 9044 [Note]   - '::' resolves to '::';
2016-04-13 17:29:16 9044 [Note] Server socket created on IP: '::'.
2016-04-14 07:25:48 10016 [Note] Plugin 'FEDERATED' is disabled.
2016-04-14 07:25:48 2724 InnoDB: Warning: Using innodb_additional_mem_pool_size is DEPRECATED. This option may be removed in future releases, together with the option innodb_use_sys_malloc and with the InnoDB's internal memory allocator.
2016-04-14 07:25:48 10016 [Note] InnoDB: Using atomics to ref count buffer pool pages
2016-04-14 07:25:48 10016 [Note] InnoDB: The InnoDB memory heap is disabled
2016-04-14 07:25:48 10016 [Note] InnoDB: Mutexes and rw_locks use Windows interlocked functions
2016-04-14 07:25:48 10016 [Note] InnoDB: Memory barrier is not used
2016-04-14 07:25:48 10016 [Note] InnoDB: Compressed tables use zlib 1.2.3
2016-04-14 07:25:48 10016 [Note] InnoDB: Not using CPU crc32 instructions
2016-04-14 07:25:48 10016 [Note] InnoDB: Initializing buffer pool, size = 16.0M
2016-04-14 07:25:48 10016 [Note] InnoDB: Completed initialization of buffer pool
2016-04-14 07:25:49 10016 [Note] InnoDB: Highest supported file format is Barracuda.
2016-04-14 07:25:49 10016 [Note] InnoDB: The log sequence numbers 1818134 and 1818134 in ibdata files do not match the log sequence number 1826892 in the ib_logfiles!
2016-04-14 07:25:49 10016 [Note] InnoDB: Database was not shutdown normally!
2016-04-14 07:25:49 10016 [Note] InnoDB: Starting crash recovery.
2016-04-14 07:25:49 10016 [Note] InnoDB: Reading tablespace information from the .ibd files...
2016-04-14 07:25:49 10016 [Note] InnoDB: Restoring possible half-written data pages 
2016-04-14 07:25:49 10016 [Note] InnoDB: from the doublewrite buffer...
2016-04-14 07:25:51 10016 [ERROR] InnoDB: Table galp/pedidos@0020trabalho in the InnoDB data dictionary has tablespace id 23, but tablespace with that id or name does not exist. Have you deleted or moved .ibd files? This may also be a table created with CREATE TEMPORARY TABLE whose .ibd and .frm files MySQL automatically removed, but the table still exists in the InnoDB internal data dictionary.
InnoDB: Please refer to
InnoDB: http://dev.mysql.com/doc/refman/5.6/en/innodb-troubleshooting-datadict.html
InnoDB: for how to resolve the issue.
2016-04-14 07:25:51 10016 [ERROR] InnoDB: Table galp/status in the InnoDB data dictionary has tablespace id 37, but tablespace with that id or name does not exist. Have you deleted or moved .ibd files? This may also be a table created with CREATE TEMPORARY TABLE whose .ibd and .frm files MySQL automatically removed, but the table still exists in the InnoDB internal data dictionary.
InnoDB: Please refer to
InnoDB: http://dev.mysql.com/doc/refman/5.6/en/innodb-troubleshooting-datadict.html
InnoDB: for how to resolve the issue.
2016-04-14 07:25:51 10016 [ERROR] InnoDB: Table indulgme/comments in the InnoDB data dictionary has tablespace id 13, but tablespace with that id or name does not exist. Have you deleted or moved .ibd files? This may also be a table created with CREATE TEMPORARY TABLE whose .ibd and .frm files MySQL automatically removed, but the table still exists in the InnoDB internal data dictionary.
InnoDB: Please refer to
InnoDB: http://dev.mysql.com/doc/refman/5.6/en/innodb-troubleshooting-datadict.html
InnoDB: for how to resolve the issue.
2016-04-14 07:25:51 10016 [ERROR] InnoDB: Table indulgme/darerecievers in the InnoDB data dictionary has tablespace id 18, but tablespace with that id or name does not exist. Have you deleted or moved .ibd files? This may also be a table created with CREATE TEMPORARY TABLE whose .ibd and .frm files MySQL automatically removed, but the table still exists in the InnoDB internal data dictionary.
InnoDB: Please refer to
InnoDB: http://dev.mysql.com/doc/refman/5.6/en/innodb-troubleshooting-datadict.html
InnoDB: for how to resolve the issue.
2016-04-14 07:25:51 10016 [ERROR] InnoDB: Table indulgme/dares in the InnoDB data dictionary has tablespace id 15, but tablespace with that id or name does not exist. Have you deleted or moved .ibd files? This may also be a table created with CREATE TEMPORARY TABLE whose .ibd and .frm files MySQL automatically removed, but the table still exists in the InnoDB internal data dictionary.
InnoDB: Please refer to
InnoDB: http://dev.mysql.com/doc/refman/5.6/en/innodb-troubleshooting-datadict.html
InnoDB: for how to resolve the issue.
2016-04-14 07:25:51 10016 [ERROR] InnoDB: Table indulgme/deeds in the InnoDB data dictionary has tablespace id 17, but tablespace with that id or name does not exist. Have you deleted or moved .ibd files? This may also be a table created with CREATE TEMPORARY TABLE whose .ibd and .frm files MySQL automatically removed, but the table still exists in the InnoDB internal data dictionary.
InnoDB: Please refer to
InnoDB: http://dev.mysql.com/doc/refman/5.6/en/innodb-troubleshooting-datadict.html
InnoDB: for how to resolve the issue.
2016-04-14 07:25:51 10016 [ERROR] InnoDB: Table indulgme/friends in the InnoDB data dictionary has tablespace id 14, but tablespace with that id or name does not exist. Have you deleted or moved .ibd files? This may also be a table created with CREATE TEMPORARY TABLE whose .ibd and .frm files MySQL automatically removed, but the table still exists in the InnoDB internal data dictionary.
InnoDB: Please refer to
InnoDB: http://dev.mysql.com/doc/refman/5.6/en/innodb-troubleshooting-datadict.html
InnoDB: for how to resolve the issue.
2016-04-14 07:25:51 10016 [ERROR] InnoDB: Table indulgme/user in the InnoDB data dictionary has tablespace id 20, but tablespace with that id or name does not exist. Have you deleted or moved .ibd files? This may also be a table created with CREATE TEMPORARY TABLE whose .ibd and .frm files MySQL automatically removed, but the table still exists in the InnoDB internal data dictionary.
InnoDB: Please refer to
InnoDB: http://dev.mysql.com/doc/refman/5.6/en/innodb-troubleshooting-datadict.html
InnoDB: for how to resolve the issue.
2016-04-14 07:25:51 10016 [Note] InnoDB: 128 rollback segment(s) are active.
2016-04-14 07:25:51 10016 [Note] InnoDB: Waiting for purge to start
2016-04-14 07:25:51 10016 [Note] InnoDB: 5.6.24 started; log sequence number 1826892
2016-04-14 07:25:51 10016 [Note] Server hostname (bind-address): '*'; port: 3306
2016-04-14 07:25:51 10016 [Note] IPv6 is available.
2016-04-14 07:25:51 10016 [Note]   - '::' resolves to '::';
2016-04-14 07:25:51 10016 [Note] Server socket created on IP: '::'.
2016-04-14 11:25:59 6908 [Note] Plugin 'FEDERATED' is disabled.
2016-04-14 11:25:59 1150 InnoDB: Warning: Using innodb_additional_mem_pool_size is DEPRECATED. This option may be removed in future releases, together with the option innodb_use_sys_malloc and with the InnoDB's internal memory allocator.
2016-04-14 11:25:59 6908 [Note] InnoDB: Using atomics to ref count buffer pool pages
2016-04-14 11:25:59 6908 [Note] InnoDB: The InnoDB memory heap is disabled
2016-04-14 11:25:59 6908 [Note] InnoDB: Mutexes and rw_locks use Windows interlocked functions
2016-04-14 11:25:59 6908 [Note] InnoDB: Memory barrier is not used
2016-04-14 11:25:59 6908 [Note] InnoDB: Compressed tables use zlib 1.2.3
2016-04-14 11:25:59 6908 [Note] InnoDB: Not using CPU crc32 instructions
2016-04-14 11:25:59 6908 [Note] InnoDB: Initializing buffer pool, size = 16.0M
2016-04-14 11:25:59 6908 [Note] InnoDB: Completed initialization of buffer pool
2016-04-14 11:25:59 6908 [Note] InnoDB: Highest supported file format is Barracuda.
2016-04-14 11:25:59 6908 [Note] InnoDB: The log sequence numbers 1818134 and 1818134 in ibdata files do not match the log sequence number 1826902 in the ib_logfiles!
2016-04-14 11:25:59 6908 [Note] InnoDB: Database was not shutdown normally!
2016-04-14 11:25:59 6908 [Note] InnoDB: Starting crash recovery.
2016-04-14 11:25:59 6908 [Note] InnoDB: Reading tablespace information from the .ibd files...
2016-04-14 11:25:59 6908 [Note] InnoDB: Restoring possible half-written data pages 
2016-04-14 11:25:59 6908 [Note] InnoDB: from the doublewrite buffer...
2016-04-14 11:26:07 6908 [ERROR] InnoDB: Table galp/pedidos@0020trabalho in the InnoDB data dictionary has tablespace id 23, but tablespace with that id or name does not exist. Have you deleted or moved .ibd files? This may also be a table created with CREATE TEMPORARY TABLE whose .ibd and .frm files MySQL automatically removed, but the table still exists in the InnoDB internal data dictionary.
InnoDB: Please refer to
InnoDB: http://dev.mysql.com/doc/refman/5.6/en/innodb-troubleshooting-datadict.html
InnoDB: for how to resolve the issue.
2016-04-14 11:26:07 6908 [ERROR] InnoDB: Table galp/status in the InnoDB data dictionary has tablespace id 37, but tablespace with that id or name does not exist. Have you deleted or moved .ibd files? This may also be a table created with CREATE TEMPORARY TABLE whose .ibd and .frm files MySQL automatically removed, but the table still exists in the InnoDB internal data dictionary.
InnoDB: Please refer to
InnoDB: http://dev.mysql.com/doc/refman/5.6/en/innodb-troubleshooting-datadict.html
InnoDB: for how to resolve the issue.
2016-04-14 11:26:07 6908 [ERROR] InnoDB: Table indulgme/comments in the InnoDB data dictionary has tablespace id 13, but tablespace with that id or name does not exist. Have you deleted or moved .ibd files? This may also be a table created with CREATE TEMPORARY TABLE whose .ibd and .frm files MySQL automatically removed, but the table still exists in the InnoDB internal data dictionary.
InnoDB: Please refer to
InnoDB: http://dev.mysql.com/doc/refman/5.6/en/innodb-troubleshooting-datadict.html
InnoDB: for how to resolve the issue.
2016-04-14 11:26:07 6908 [ERROR] InnoDB: Table indulgme/darerecievers in the InnoDB data dictionary has tablespace id 18, but tablespace with that id or name does not exist. Have you deleted or moved .ibd files? This may also be a table created with CREATE TEMPORARY TABLE whose .ibd and .frm files MySQL automatically removed, but the table still exists in the InnoDB internal data dictionary.
InnoDB: Please refer to
InnoDB: http://dev.mysql.com/doc/refman/5.6/en/innodb-troubleshooting-datadict.html
InnoDB: for how to resolve the issue.
2016-04-14 11:26:07 6908 [ERROR] InnoDB: Table indulgme/dares in the InnoDB data dictionary has tablespace id 15, but tablespace with that id or name does not exist. Have you deleted or moved .ibd files? This may also be a table created with CREATE TEMPORARY TABLE whose .ibd and .frm files MySQL automatically removed, but the table still exists in the InnoDB internal data dictionary.
InnoDB: Please refer to
InnoDB: http://dev.mysql.com/doc/refman/5.6/en/innodb-troubleshooting-datadict.html
InnoDB: for how to resolve the issue.
2016-04-14 11:26:07 6908 [ERROR] InnoDB: Table indulgme/deeds in the InnoDB data dictionary has tablespace id 17, but tablespace with that id or name does not exist. Have you deleted or moved .ibd files? This may also be a table created with CREATE TEMPORARY TABLE whose .ibd and .frm files MySQL automatically removed, but the table still exists in the InnoDB internal data dictionary.
InnoDB: Please refer to
InnoDB: http://dev.mysql.com/doc/refman/5.6/en/innodb-troubleshooting-datadict.html
InnoDB: for how to resolve the issue.
2016-04-14 11:26:07 6908 [ERROR] InnoDB: Table indulgme/friends in the InnoDB data dictionary has tablespace id 14, but tablespace with that id or name does not exist. Have you deleted or moved .ibd files? This may also be a table created with CREATE TEMPORARY TABLE whose .ibd and .frm files MySQL automatically removed, but the table still exists in the InnoDB internal data dictionary.
InnoDB: Please refer to
InnoDB: http://dev.mysql.com/doc/refman/5.6/en/innodb-troubleshooting-datadict.html
InnoDB: for how to resolve the issue.
2016-04-14 11:26:07 6908 [ERROR] InnoDB: Table indulgme/user in the InnoDB data dictionary has tablespace id 20, but tablespace with that id or name does not exist. Have you deleted or moved .ibd files? This may also be a table created with CREATE TEMPORARY TABLE whose .ibd and .frm files MySQL automatically removed, but the table still exists in the InnoDB internal data dictionary.
InnoDB: Please refer to
InnoDB: http://dev.mysql.com/doc/refman/5.6/en/innodb-troubleshooting-datadict.html
InnoDB: for how to resolve the issue.
2016-04-14 11:26:07 6908 [Note] InnoDB: 128 rollback segment(s) are active.
2016-04-14 11:26:07 6908 [Note] InnoDB: Waiting for purge to start
2016-04-14 11:26:07 6908 [Note] InnoDB: 5.6.24 started; log sequence number 1826902
2016-04-14 11:26:07 6908 [Note] Server hostname (bind-address): '*'; port: 3306
2016-04-14 11:26:07 6908 [Note] IPv6 is available.
2016-04-14 11:26:07 6908 [Note]   - '::' resolves to '::';
2016-04-14 11:26:07 6908 [Note] Server socket created on IP: '::'.
2016-04-15 16:24:22 9096 [Note] Plugin 'FEDERATED' is disabled.
2016-04-15 16:24:22 b0 InnoDB: Warning: Using innodb_additional_mem_pool_size is DEPRECATED. This option may be removed in future releases, together with the option innodb_use_sys_malloc and with the InnoDB's internal memory allocator.
2016-04-15 16:24:22 9096 [Note] InnoDB: Using atomics to ref count buffer pool pages
2016-04-15 16:24:22 9096 [Note] InnoDB: The InnoDB memory heap is disabled
2016-04-15 16:24:22 9096 [Note] InnoDB: Mutexes and rw_locks use Windows interlocked functions
2016-04-15 16:24:22 9096 [Note] InnoDB: Memory barrier is not used
2016-04-15 16:24:22 9096 [Note] InnoDB: Compressed tables use zlib 1.2.3
2016-04-15 16:24:22 9096 [Note] InnoDB: Not using CPU crc32 instructions
2016-04-15 16:24:23 9096 [Note] InnoDB: Initializing buffer pool, size = 16.0M
2016-04-15 16:24:23 9096 [Note] InnoDB: Completed initialization of buffer pool
2016-04-15 16:24:23 9096 [Note] InnoDB: Highest supported file format is Barracuda.
2016-04-15 16:24:23 9096 [Note] InnoDB: The log sequence numbers 1818134 and 1818134 in ibdata files do not match the log sequence number 1826912 in the ib_logfiles!
2016-04-15 16:24:23 9096 [Note] InnoDB: Database was not shutdown normally!
2016-04-15 16:24:23 9096 [Note] InnoDB: Starting crash recovery.
2016-04-15 16:24:23 9096 [Note] InnoDB: Reading tablespace information from the .ibd files...
2016-04-15 16:24:23 9096 [Note] InnoDB: Restoring possible half-written data pages 
2016-04-15 16:24:23 9096 [Note] InnoDB: from the doublewrite buffer...
2016-04-15 16:24:24 9096 [ERROR] InnoDB: Table galp/pedidos@0020trabalho in the InnoDB data dictionary has tablespace id 23, but tablespace with that id or name does not exist. Have you deleted or moved .ibd files? This may also be a table created with CREATE TEMPORARY TABLE whose .ibd and .frm files MySQL automatically removed, but the table still exists in the InnoDB internal data dictionary.
InnoDB: Please refer to
InnoDB: http://dev.mysql.com/doc/refman/5.6/en/innodb-troubleshooting-datadict.html
InnoDB: for how to resolve the issue.
2016-04-15 16:24:24 9096 [ERROR] InnoDB: Table galp/status in the InnoDB data dictionary has tablespace id 37, but tablespace with that id or name does not exist. Have you deleted or moved .ibd files? This may also be a table created with CREATE TEMPORARY TABLE whose .ibd and .frm files MySQL automatically removed, but the table still exists in the InnoDB internal data dictionary.
InnoDB: Please refer to
InnoDB: http://dev.mysql.com/doc/refman/5.6/en/innodb-troubleshooting-datadict.html
InnoDB: for how to resolve the issue.
2016-04-15 16:24:24 9096 [ERROR] InnoDB: Table indulgme/comments in the InnoDB data dictionary has tablespace id 13, but tablespace with that id or name does not exist. Have you deleted or moved .ibd files? This may also be a table created with CREATE TEMPORARY TABLE whose .ibd and .frm files MySQL automatically removed, but the table still exists in the InnoDB internal data dictionary.
InnoDB: Please refer to
InnoDB: http://dev.mysql.com/doc/refman/5.6/en/innodb-troubleshooting-datadict.html
InnoDB: for how to resolve the issue.
2016-04-15 16:24:24 9096 [ERROR] InnoDB: Table indulgme/darerecievers in the InnoDB data dictionary has tablespace id 18, but tablespace with that id or name does not exist. Have you deleted or moved .ibd files? This may also be a table created with CREATE TEMPORARY TABLE whose .ibd and .frm files MySQL automatically removed, but the table still exists in the InnoDB internal data dictionary.
InnoDB: Please refer to
InnoDB: http://dev.mysql.com/doc/refman/5.6/en/innodb-troubleshooting-datadict.html
InnoDB: for how to resolve the issue.
2016-04-15 16:24:24 9096 [ERROR] InnoDB: Table indulgme/dares in the InnoDB data dictionary has tablespace id 15, but tablespace with that id or name does not exist. Have you deleted or moved .ibd files? This may also be a table created with CREATE TEMPORARY TABLE whose .ibd and .frm files MySQL automatically removed, but the table still exists in the InnoDB internal data dictionary.
InnoDB: Please refer to
InnoDB: http://dev.mysql.com/doc/refman/5.6/en/innodb-troubleshooting-datadict.html
InnoDB: for how to resolve the issue.
2016-04-15 16:24:24 9096 [ERROR] InnoDB: Table indulgme/deeds in the InnoDB data dictionary has tablespace id 17, but tablespace with that id or name does not exist. Have you deleted or moved .ibd files? This may also be a table created with CREATE TEMPORARY TABLE whose .ibd and .frm files MySQL automatically removed, but the table still exists in the InnoDB internal data dictionary.
InnoDB: Please refer to
InnoDB: http://dev.mysql.com/doc/refman/5.6/en/innodb-troubleshooting-datadict.html
InnoDB: for how to resolve the issue.
2016-04-15 16:24:24 9096 [ERROR] InnoDB: Table indulgme/friends in the InnoDB data dictionary has tablespace id 14, but tablespace with that id or name does not exist. Have you deleted or moved .ibd files? This may also be a table created with CREATE TEMPORARY TABLE whose .ibd and .frm files MySQL automatically removed, but the table still exists in the InnoDB internal data dictionary.
InnoDB: Please refer to
InnoDB: http://dev.mysql.com/doc/refman/5.6/en/innodb-troubleshooting-datadict.html
InnoDB: for how to resolve the issue.
2016-04-15 16:24:24 9096 [ERROR] InnoDB: Table indulgme/user in the InnoDB data dictionary has tablespace id 20, but tablespace with that id or name does not exist. Have you deleted or moved .ibd files? This may also be a table created with CREATE TEMPORARY TABLE whose .ibd and .frm files MySQL automatically removed, but the table still exists in the InnoDB internal data dictionary.
InnoDB: Please refer to
InnoDB: http://dev.mysql.com/doc/refman/5.6/en/innodb-troubleshooting-datadict.html
InnoDB: for how to resolve the issue.
2016-04-15 16:24:24 9096 [Note] InnoDB: 128 rollback segment(s) are active.
2016-04-15 16:24:24 9096 [Note] InnoDB: Waiting for purge to start
2016-04-15 16:24:24 9096 [Note] InnoDB: 5.6.24 started; log sequence number 1826912
2016-04-15 16:24:24 9096 [Note] Server hostname (bind-address): '*'; port: 3306
2016-04-15 16:24:24 9096 [Note] IPv6 is available.
2016-04-15 16:24:24 9096 [Note]   - '::' resolves to '::';
2016-04-15 16:24:24 9096 [Note] Server socket created on IP: '::'.
